<?xml version="1.0" encoding="UTF-8"?>
<testsuite xmlns:xsi="http://www.w3.org/2001/XMLSchema-instance" xsi:noNamespaceSchemaLocation="https://maven.apache.org/surefire/maven-surefire-plugin/xsd/surefire-test-report.xsd" name="com.coen448.project.RobotMotionTest" time="0.109" tests="35" errors="0" skipped="0" failures="0">
  <properties>
[...]
</properties>
  <testcase name="invalid_case_1_not_move_forward_when_move_forward_beyond_east_boundary" classname="com.coen448.project.RobotMotionTest" time="0.035"/>
  <testcase name="invalid_case_2_not_move_forward_when_move_forward_beyond_west_boundary" classname="com.coen448.project.RobotMotionTest" time="0.001"/>
  <testcase name="valid_check_command_is_valid_when_input_command_is_called" classname="com.coen448.project.RobotMotionTest" time="0.002"/>
  <testcase name="valid_print_floor_given_input_pen_down_and_move_north" classname="com.coen448.project.RobotMotionTest" time="0.003"/>
  <testcase name="valid_print_floor_given_input_pen_down_and_move_south" classname="com.coen448.project.RobotMotionTest" time="0"/>
  <testcase name="invalid_case_2_not_move_forward_when_move_forward_beyond_south_boundary" classname="com.coen448.project.RobotMotionTest" time="0.001"/>
  <testcase name="invalid_case_2_not_move_forward_when_move_forward_beyond_east_boundary" classname="com.coen448.project.RobotMotionTest" time="0.002"/>
  <testcase name="valid_print_current_position_facing_north" classname="com.coen448.project.RobotMotionTest" time="0.005"/>
  <testcase name="valid_print_current_position_facing_south" classname="com.coen448.project.RobotMotionTest" time="0.002"/>
  <testcase name="valid_turn_south_from_east" classname="com.coen448.project.RobotMotionTest" time="0.001"/>
  <testcase name="valid_turn_south_from_west" classname="com.coen448.project.RobotMotionTest" time="0.001"/>
  <testcase name="valid_print_current_position_facing_east" classname="com.coen448.project.RobotMotionTest" time="0.001"/>
  <testcase name="valid_print_current_position_facing_west" classname="com.coen448.project.RobotMotionTest" time="0.001"/>
  <testcase name="valid_pen_down_command" classname="com.coen448.project.RobotMotionTest" time="0.002"/>
  <testcase name="valid_move_forward__east" classname="com.coen448.project.RobotMotionTest" time="0.001"/>
  <testcase name="valid_move_forward_north" classname="com.coen448.project.RobotMotionTest" time="0.001"/>
  <testcase name="valid_move_forward_south" classname="com.coen448.project.RobotMotionTest" time="0.001"/>
  <testcase name="valid_move_forward_west" classname="com.coen448.project.RobotMotionTest" time="0.001"/>
  <testcase name="valid_pen_up_command" classname="com.coen448.project.RobotMotionTest" time="0.001"/>
  <testcase name="invalid_case_1_not_move_forward_beyond_north_boundary" classname="com.coen448.project.RobotMotionTest" time="0.001"/>
  <testcase name="valid_set_IsTerminated_when_quit_command_is_given" classname="com.coen448.project.RobotMotionTest" time="0"/>
  <testcase name="valid_turn_north_east" classname="com.coen448.project.RobotMotionTest" time="0"/>
  <testcase name="invalid_case_1_not_move_forward_when_move_forward_beyond_south_boundary" classname="com.coen448.project.RobotMotionTest" time="0.002"/>
  <testcase name="valid_turn_west_from_north" classname="com.coen448.project.RobotMotionTest" time="0.001"/>
  <testcase name="valid_turn_west_from_south" classname="com.coen448.project.RobotMotionTest" time="0.001"/>
  <testcase name="valid_turn_north_from_west" classname="com.coen448.project.RobotMotionTest" time="0"/>
  <testcase name="valid_turn_east_from_north" classname="com.coen448.project.RobotMotionTest" time="0"/>
  <testcase name="valid_turn_east_from_south" classname="com.coen448.project.RobotMotionTest" time="0.001"/>
  <testcase name="invalid_case_2_not_move_forward_beyond_north_boundary" classname="com.coen448.project.RobotMotionTest" time="0.002"/>
  <testcase name="invalid_input_command" classname="com.coen448.project.RobotMotionTest" time="0.001"/>
  <testcase name="invalid_case_1_not_move_forward_when_move_forward_beyond_west_boundary" classname="com.coen448.project.RobotMotionTest" time="0.002"/>
  <testcase name="valid_print_help_command" classname="com.coen448.project.RobotMotionTest" time="0.002"/>
  <testcase name="valid_reset_the_robot_and_the_floor_array_when_initialize_command_is_given" classname="com.coen448.project.RobotMotionTest" time="0.003"/>
  <testcase name="valid_print_floor_given_input_pen_down_and_move_east" classname="com.coen448.project.RobotMotionTest" time="0.001"/>
  <testcase name="valid_print_floor_given_input_pen_down_and_move_west" classname="com.coen448.project.RobotMotionTest" time="0.001"/>
</testsuite>